<?xml version="1.0" encoding="UTF-8"?>
<testng-results ignored="0" total="1" passed="1" failed="0" skipped="0">
  <reporter-output>
  </reporter-output>
  <suite started-at="2020-10-04T20:21:45 IST" name="Default suite" finished-at="2020-10-04T20:21:45 IST" duration-ms="68">
    <groups>
    </groups>
    <test started-at="2020-10-04T20:21:45 IST" name="Default test" finished-at="2020-10-04T20:21:45 IST" duration-ms="68">
      <class name="Class.Objects">
        <test-method signature="Test_Objects()[pri:0, instance:Class.Objects@1fe20588]" started-at="2020-10-04T20:21:45 IST" name="Test_Objects" finished-at="2020-10-04T20:21:45 IST" duration-ms="15" status="PASS">
          <reporter-output>
          </reporter-output>
        </test-method> <!-- Test_Objects -->
      </class> <!-- Class.Objects -->
    </test> <!-- Default test -->
  </suite> <!-- Default suite -->
</testng-results>
